GowinSynthesis start
Running parser ...
Analyzing VHDL file 'C:\Users\Aymen\OneDrive\Desktop\FPGA_CODES\fpga_to_test\src\SPI_Interface.vhd'
Analyzing entity 'spi_interface'("C:\Users\Aymen\OneDrive\Desktop\FPGA_CODES\fpga_to_test\src\SPI_Interface.vhd":5)
Analyzing architecture 'behavioral'("C:\Users\Aymen\OneDrive\Desktop\FPGA_CODES\fpga_to_test\src\SPI_Interface.vhd":20)
Analyzing VHDL file 'C:\Users\Aymen\OneDrive\Desktop\FPGA_CODES\fpga_to_test\src\Instruction_FIFO_WithKill.vhd'
Analyzing entity 'instruction_fifo'("C:\Users\Aymen\OneDrive\Desktop\FPGA_CODES\fpga_to_test\src\Instruction_FIFO_WithKill.vhd":17)
Analyzing architecture 'behavioral'("C:\Users\Aymen\OneDrive\Desktop\FPGA_CODES\fpga_to_test\src\Instruction_FIFO_WithKill.vhd":29)
Analyzing VHDL file 'C:\Users\Aymen\OneDrive\Desktop\FPGA_CODES\fpga_to_test\src\Opcode_Decoder.vhd'
Analyzing entity 'opcode_decoder'("C:\Users\Aymen\OneDrive\Desktop\FPGA_CODES\fpga_to_test\src\Opcode_Decoder.vhd":39)
Analyzing architecture 'behavioral'("C:\Users\Aymen\OneDrive\Desktop\FPGA_CODES\fpga_to_test\src\Opcode_Decoder.vhd":67)
Analyzing VHDL file 'C:\Users\Aymen\OneDrive\Desktop\FPGA_CODES\fpga_to_test\src\Step_Generator_FIXED.vhd'
Analyzing entity 'step_generator'("C:\Users\Aymen\OneDrive\Desktop\FPGA_CODES\fpga_to_test\src\Step_Generator_FIXED.vhd":24)
Analyzing architecture 'behavioral'("C:\Users\Aymen\OneDrive\Desktop\FPGA_CODES\fpga_to_test\src\Step_Generator_FIXED.vhd":53)
Analyzing VHDL file 'C:\Users\Aymen\OneDrive\Desktop\FPGA_CODES\fpga_to_test\src\Spindle_PWM.vhd'
Analyzing entity 'spindle_pwm'("C:\Users\Aymen\OneDrive\Desktop\FPGA_CODES\fpga_to_test\src\Spindle_PWM.vhd":29)
Analyzing architecture 'behavioral'("C:\Users\Aymen\OneDrive\Desktop\FPGA_CODES\fpga_to_test\src\Spindle_PWM.vhd":39)
Analyzing VHDL file 'C:\Users\Aymen\OneDrive\Desktop\FPGA_CODES\fpga_to_test\src\CNC_ETCHING_MACHINE_WithKill.vhd'
Analyzing entity 'cnc_etching_machine'("C:\Users\Aymen\OneDrive\Desktop\FPGA_CODES\fpga_to_test\src\CNC_ETCHING_MACHINE_WithKill.vhd":21)
Analyzing architecture 'structural'("C:\Users\Aymen\OneDrive\Desktop\FPGA_CODES\fpga_to_test\src\CNC_ETCHING_MACHINE_WithKill.vhd":42)
Processing 'CNC_ETCHING_MACHINE(structural)'("C:\Users\Aymen\OneDrive\Desktop\FPGA_CODES\fpga_to_test\src\CNC_ETCHING_MACHINE_WithKill.vhd":21)
Processing 'SPI_Interface(Behavioral)'("C:\Users\Aymen\OneDrive\Desktop\FPGA_CODES\fpga_to_test\src\SPI_Interface.vhd":5)
WARN  (EX4749) : 'current_x' should be on the sensitivity list of the process. Signal missing is added and assuming complete sensitivity list specified. RTL design and post-synthesis netlist simulations may differ as a result("C:\Users\Aymen\OneDrive\Desktop\FPGA_CODES\fpga_to_test\src\SPI_Interface.vhd":38)
WARN  (EX4387) : Incomplete sensitivity list specified, assuming completeness("C:\Users\Aymen\OneDrive\Desktop\FPGA_CODES\fpga_to_test\src\SPI_Interface.vhd":84)
Processing 'Instruction_FIFO(Behavioral)'("C:\Users\Aymen\OneDrive\Desktop\FPGA_CODES\fpga_to_test\src\Instruction_FIFO_WithKill.vhd":17)
Processing 'Opcode_Decoder(Behavioral)'("C:\Users\Aymen\OneDrive\Desktop\FPGA_CODES\fpga_to_test\src\Opcode_Decoder.vhd":39)
Processing 'Step_Generator(Behavioral)'("C:\Users\Aymen\OneDrive\Desktop\FPGA_CODES\fpga_to_test\src\Step_Generator_FIXED.vhd":24)
Processing 'Spindle_PWM(Behavioral)'("C:\Users\Aymen\OneDrive\Desktop\FPGA_CODES\fpga_to_test\src\Spindle_PWM.vhd":29)
NOTE  (EX0101) : Current top module is "CNC_ETCHING_MACHINE"
[5%] Running netlist conversion ...
Running device independent optimization ...
[10%] Optimizing Phase 0 completed
[15%] Optimizing Phase 1 completed
[25%] Optimizing Phase 2 completed
Running inference ...
[30%] Inferring Phase 0 completed
[40%] Inferring Phase 1 completed
[50%] Inferring Phase 2 completed
[55%] Inferring Phase 3 completed
Running technical mapping ...
[60%] Tech-Mapping Phase 0 completed
[65%] Tech-Mapping Phase 1 completed
[75%] Tech-Mapping Phase 2 completed
WARN  (AG0100) : Find logical loop signal : "miso_reg"("C:\Users\Aymen\OneDrive\Desktop\FPGA_CODES\fpga_to_test\src\SPI_Interface.vhd":83)
WARN  (AG0100) : Find logical loop signal : "miso_reg"("C:\Users\Aymen\OneDrive\Desktop\FPGA_CODES\fpga_to_test\src\SPI_Interface.vhd":83)
WARN  (AG0100) : Find logical loop signal : "miso_reg"("C:\Users\Aymen\OneDrive\Desktop\FPGA_CODES\fpga_to_test\src\SPI_Interface.vhd":83)
WARN  (AG0101) : The netlist is not one directed acyclic graph
[80%] Tech-Mapping Phase 3 completed
[90%] Tech-Mapping Phase 4 completed
[95%] Generate netlist file "C:\Users\Aymen\OneDrive\Desktop\FPGA_CODES\fpga_to_test\impl\gwsynthesis\CNC_ETCHING_MACHINE.vg" completed
[100%] Generate report file "C:\Users\Aymen\OneDrive\Desktop\FPGA_CODES\fpga_to_test\impl\gwsynthesis\CNC_ETCHING_MACHINE_syn.rpt.html" completed
GowinSynthesis finish
