GowinSynthesis start
Running parser ...
Analyzing Verilog file 'D:\Gowin\Gowin_V1.9.12_x64\IDE\ipcore\GOCONFIGUART\data\goConfig_UART.v'
Analyzing included file 'goConfig_UART_define.v'("D:\Gowin\Gowin_V1.9.12_x64\IDE\ipcore\GOCONFIGUART\data\goConfig_UART.v":1755)
Back to file 'D:\Gowin\Gowin_V1.9.12_x64\IDE\ipcore\GOCONFIGUART\data\goConfig_UART.v'("D:\Gowin\Gowin_V1.9.12_x64\IDE\ipcore\GOCONFIGUART\data\goConfig_UART.v":1755)
Analyzing included file 'D:\Gowin\Gowin_V1.9.12_x64\IDE\ipcore\GOCONFIGUART\data\static_macro_define.v'("D:\Gowin\Gowin_V1.9.12_x64\IDE\ipcore\GOCONFIGUART\data\goConfig_UART.v":1755)
Back to file 'D:\Gowin\Gowin_V1.9.12_x64\IDE\ipcore\GOCONFIGUART\data\goConfig_UART.v'("D:\Gowin\Gowin_V1.9.12_x64\IDE\ipcore\GOCONFIGUART\data\goConfig_UART.v":1755)
Undeclared symbol 'flash_prog_done', assumed default net type 'wire'("D:\Gowin\Gowin_V1.9.12_x64\IDE\ipcore\GOCONFIGUART\data\goConfig_UART.v":1755)
Undeclared symbol 'flash_earse_done', assumed default net type 'wire'("D:\Gowin\Gowin_V1.9.12_x64\IDE\ipcore\GOCONFIGUART\data\goConfig_UART.v":1755)
Undeclared symbol 'ms_op_start', assumed default net type 'wire'("D:\Gowin\Gowin_V1.9.12_x64\IDE\ipcore\GOCONFIGUART\data\goConfig_UART.v":1755)
Undeclared symbol 'ms_op_end', assumed default net type 'wire'("D:\Gowin\Gowin_V1.9.12_x64\IDE\ipcore\GOCONFIGUART\data\goConfig_UART.v":1755)
Undeclared symbol 'ms_flag', assumed default net type 'wire'("D:\Gowin\Gowin_V1.9.12_x64\IDE\ipcore\GOCONFIGUART\data\goConfig_UART.v":1755)
WARN  (EX3801) : Parameter 'FLASH_ADDR_NUM' becomes localparam in '~spi_flash_cmd.goConfig_UART_Top' with formal parameter declaration list("D:\Gowin\Gowin_V1.9.12_x64\IDE\ipcore\GOCONFIGUART\data\goConfig_UART.v":1755)
Undeclared symbol 'flash_op4_wr_rden', assumed default net type 'wire'("D:\Gowin\Gowin_V1.9.12_x64\IDE\ipcore\GOCONFIGUART\data\goConfig_UART.v":1755)
Analyzing Verilog file 'D:\Gowin\Gowin_V1.9.12_x64\IDE\ipcore\GOCONFIGUART\data\goConfig_UART_wrap.v'
Analyzing included file 'goConfig_UART_define.v'("D:\Gowin\Gowin_V1.9.12_x64\IDE\ipcore\GOCONFIGUART\data\goConfig_UART_wrap.v":2)
Back to file 'D:\Gowin\Gowin_V1.9.12_x64\IDE\ipcore\GOCONFIGUART\data\goConfig_UART_wrap.v'("D:\Gowin\Gowin_V1.9.12_x64\IDE\ipcore\GOCONFIGUART\data\goConfig_UART_wrap.v":2)
Analyzing included file 'D:\Gowin\Gowin_V1.9.12_x64\IDE\ipcore\GOCONFIGUART\data\static_macro_define.v'("D:\Gowin\Gowin_V1.9.12_x64\IDE\ipcore\GOCONFIGUART\data\goConfig_UART_wrap.v":3)
Back to file 'D:\Gowin\Gowin_V1.9.12_x64\IDE\ipcore\GOCONFIGUART\data\goConfig_UART_wrap.v'("D:\Gowin\Gowin_V1.9.12_x64\IDE\ipcore\GOCONFIGUART\data\goConfig_UART_wrap.v":3)
Compiling module 'goConfig_UART_Top'("D:\Gowin\Gowin_V1.9.12_x64\IDE\ipcore\GOCONFIGUART\data\goConfig_UART_wrap.v":5)
Compiling module '**'("D:\Gowin\Gowin_V1.9.12_x64\IDE\ipcore\GOCONFIGUART\data\goConfig_UART.v":1755)
WARN  (EX3791) : Expression size ** truncated to fit in target size **("D:\Gowin\Gowin_V1.9.12_x64\IDE\ipcore\GOCONFIGUART\data\goConfig_UART.v":1755)
NOTE  (EX0101) : Current top module is "goConfig_UART_Top"
[5%] Running netlist conversion ...
Running device independent optimization ...
[10%] Optimizing Phase 0 completed
[15%] Optimizing Phase 1 completed
[25%] Optimizing Phase 2 completed
Running inference ...
[30%] Inferring Phase 0 completed
[40%] Inferring Phase 1 completed
[50%] Inferring Phase 2 completed
[55%] Inferring Phase 3 completed
Running technical mapping ...
[60%] Tech-Mapping Phase 0 completed
[65%] Tech-Mapping Phase 1 completed
[75%] Tech-Mapping Phase 2 completed
[80%] Tech-Mapping Phase 3 completed
[90%] Tech-Mapping Phase 4 completed
[95%] Generate netlist file "D:\Gowin\Gowin_V1.9.12_x64\IDE\bin\Documents\CNC_ETCHING_MACHINE\CNC_ETCHING_MACHINE\src\goconfig_uart\temp\goConfigUART\goconfig_uart.vg" completed
Generate template file "D:\Gowin\Gowin_V1.9.12_x64\IDE\bin\Documents\CNC_ETCHING_MACHINE\CNC_ETCHING_MACHINE\src\goconfig_uart\temp\goConfigUART\goconfig_uart_tmp.v" completed
[100%] Generate report file "D:\Gowin\Gowin_V1.9.12_x64\IDE\bin\Documents\CNC_ETCHING_MACHINE\CNC_ETCHING_MACHINE\src\goconfig_uart\temp\goConfigUART\goconfig_uart_syn.rpt.html" completed
GowinSynthesis finish
